
*** Running vivado
    with args -log ultrasonic_display_top.vds -m64 -product Vivado -mode batch -messageDb vivado.pb -notrace -source ultrasonic_display_top.tcl



****** Vivado v2025.2 (64-bit)
  **** SW Build 6299465 on Fri Nov 14 19:35:11 GMT 2025
  **** IP Build 6300035 on Fri Nov 14 10:48:45 MST 2025
  **** SharedData Build 6298862 on Thu Nov 13 04:50:51 MST 2025
  **** Start of session at: Sat Jul  4 15:44:12 2026
    ** Copyright 1986-2022 Xilinx, Inc. All Rights Reserved.
    ** Copyright 2022-2025 Advanced Micro Devices, Inc. All Rights Reserved.

source ultrasonic_display_top.tcl -notrace
create_project: Time (s): cpu = 00:00:19 ; elapsed = 00:00:12 . Memory (MB): peak = 533.867 ; gain = 220.578
Command: read_checkpoint -auto_incremental -incremental C:/Users/saima/project_k/project_k.srcs/utils_1/imports/synth_1/safety_monitor_top.dcp
INFO: [Vivado 12-5825] Read reference checkpoint from C:/Users/saima/project_k/project_k.srcs/utils_1/imports/synth_1/safety_monitor_top.dcp for incremental synthesis
INFO: [Vivado 12-7989] Please ensure there are no constraint changes
Command: synth_design -top ultrasonic_display_top -part xc7s50csga324-1
Starting synth_design
Attempting to get a license for feature 'Synthesis' and/or device 'xc7s50'
INFO: [Common 17-349] Got license for feature 'Synthesis' and/or device 'xc7s50'
INFO: [Device 21-403] Loading part xc7s50csga324-1
INFO: [Designutils 20-5440] No compile time benefit to using incremental synthesis; A full resynthesis will be run
INFO: [Designutils 20-4379] Flow is switching to default flow due to incremental criteria not met. If you would like to alter this behaviour and have the flow terminate instead, please set the following parameter config_implementation {autoIncr.Synth.RejectBehavior Terminate}
INFO: [Synth 8-7079] Multithreading enabled for synth_design using a maximum of 2 processes.
INFO: [Synth 8-7078] Launching helper process for spawning children vivado processes
INFO: [Synth 8-7075] Helper process launched with PID 28268
---------------------------------------------------------------------------------
Starting RTL Elaboration : Time (s): cpu = 00:00:10 ; elapsed = 00:00:12 . Memory (MB): peak = 1251.656 ; gain = 541.691
---------------------------------------------------------------------------------
INFO: [Synth 8-6157] synthesizing module 'ultrasonic_display_top' [C:/Users/saima/project_k/project_k.srcs/sources_1/new/mini.v:6]
INFO: [Synth 8-6157] synthesizing module 'ultrasonic_ctrl' [C:/Users/saima/project_k/project_k.srcs/sources_1/new/mini.v:100]
INFO: [Synth 8-6155] done synthesizing module 'ultrasonic_ctrl' (0#1) [C:/Users/saima/project_k/project_k.srcs/sources_1/new/mini.v:100]
INFO: [Synth 8-6157] synthesizing module 'sensor_fsm' [C:/Users/saima/project_k/project_k.srcs/sources_1/new/mini.v:145]
INFO: [Synth 8-6155] done synthesizing module 'sensor_fsm' (0#1) [C:/Users/saima/project_k/project_k.srcs/sources_1/new/mini.v:145]
INFO: [Synth 8-6157] synthesizing module 'seven_seg_ctrl' [C:/Users/saima/project_k/project_k.srcs/sources_1/new/mini.v:172]
INFO: [Synth 8-6155] done synthesizing module 'seven_seg_ctrl' (0#1) [C:/Users/saima/project_k/project_k.srcs/sources_1/new/mini.v:172]
INFO: [Synth 8-6157] synthesizing module 'uart_message_sender' [C:/Users/saima/project_k/project_k.srcs/sources_1/new/mini.v:246]
INFO: [Synth 8-6157] synthesizing module 'uart_tx_module' [C:/Users/saima/project_k/project_k.srcs/sources_1/new/mini.v:350]
INFO: [Synth 8-6155] done synthesizing module 'uart_tx_module' (0#1) [C:/Users/saima/project_k/project_k.srcs/sources_1/new/mini.v:350]
INFO: [Synth 8-6155] done synthesizing module 'uart_message_sender' (0#1) [C:/Users/saima/project_k/project_k.srcs/sources_1/new/mini.v:246]
INFO: [Synth 8-6155] done synthesizing module 'ultrasonic_display_top' (0#1) [C:/Users/saima/project_k/project_k.srcs/sources_1/new/mini.v:6]
WARNING: [Synth 8-6014] Unused sequential element build_block.p_reg was removed.  [C:/Users/saima/project_k/project_k.srcs/sources_1/new/mini.v:312]
WARNING: [Synth 8-3917] design ultrasonic_display_top has port rgb_led[0] driven by constant 0
---------------------------------------------------------------------------------
Finished RTL Elaboration : Time (s): cpu = 00:00:13 ; elapsed = 00:00:16 . Memory (MB): peak = 1374.570 ; gain = 664.605
---------------------------------------------------------------------------------
---------------------------------------------------------------------------------
Start Handling Custom Attributes
---------------------------------------------------------------------------------
---------------------------------------------------------------------------------
Finished Handling Custom Attributes : Time (s): cpu = 00:00:14 ; elapsed = 00:00:16 . Memory (MB): peak = 1374.570 ; gain = 664.605
---------------------------------------------------------------------------------
---------------------------------------------------------------------------------
Finished RTL Optimization Phase 1 : Time (s): cpu = 00:00:14 ; elapsed = 00:00:16 . Memory (MB): peak = 1374.570 ; gain = 664.605
---------------------------------------------------------------------------------
Netlist sorting complete. Time (s): cpu = 00:00:00 ; elapsed = 00:00:00.015 . Memory (MB): peak = 1374.570 ; gain = 0.000
INFO: [Project 1-570] Preparing netlist for logic optimization

Processing XDC Constraints
Initializing timing engine
Parsing XDC File [C:/Users/saima/project_k/project_k.srcs/constrs_1/new/xdc.xdc]
Finished Parsing XDC File [C:/Users/saima/project_k/project_k.srcs/constrs_1/new/xdc.xdc]
INFO: [Project 1-236] Implementation specific constraints were found while reading constraint file [C:/Users/saima/project_k/project_k.srcs/constrs_1/new/xdc.xdc]. These constraints will be ignored for synthesis but will be used in implementation. Impacted constraints are listed in the file [.Xil/ultrasonic_display_top_propImpl.xdc].
Resolution: To avoid this warning, move constraints listed in [.Xil/ultrasonic_display_top_propImpl.xdc] to another XDC file and exclude this new file from synthesis with the used_in_synthesis property (File Properties dialog in GUI) and re-run elaboration/synthesis.
Completed Processing XDC Constraints

Netlist sorting complete. Time (s): cpu = 00:00:00 ; elapsed = 00:00:00.001 . Memory (MB): peak = 1457.707 ; gain = 0.000
INFO: [Project 1-111] Unisim Transformation Summary:
No Unisim elements were transformed.

Constraint Validation Runtime : Time (s): cpu = 00:00:00 ; elapsed = 00:00:00.016 . Memory (MB): peak = 1457.707 ; gain = 0.000
INFO: [Designutils 20-5440] No compile time benefit to using incremental synthesis; A full resynthesis will be run
INFO: [Designutils 20-4379] Flow is switching to default flow due to incremental criteria not met. If you would like to alter this behaviour and have the flow terminate instead, please set the following parameter config_implementation {autoIncr.Synth.RejectBehavior Terminate}
---------------------------------------------------------------------------------
Finished Constraint Validation : Time (s): cpu = 00:00:30 ; elapsed = 00:00:34 . Memory (MB): peak = 1457.707 ; gain = 747.742
---------------------------------------------------------------------------------
---------------------------------------------------------------------------------
Start Loading Part and Timing Information
---------------------------------------------------------------------------------
Loading part: xc7s50csga324-1
---------------------------------------------------------------------------------
Finished Loading Part and Timing Information : Time (s): cpu = 00:00:30 ; elapsed = 00:00:34 . Memory (MB): peak = 1457.707 ; gain = 747.742
---------------------------------------------------------------------------------
---------------------------------------------------------------------------------
Start Applying 'set_property' XDC Constraints
---------------------------------------------------------------------------------
---------------------------------------------------------------------------------
Finished applying 'set_property' XDC Constraints : Time (s): cpu = 00:00:30 ; elapsed = 00:00:34 . Memory (MB): peak = 1457.707 ; gain = 747.742
---------------------------------------------------------------------------------
---------------------------------------------------------------------------------
Finished RTL Optimization Phase 2 : Time (s): cpu = 00:00:30 ; elapsed = 00:00:35 . Memory (MB): peak = 1457.707 ; gain = 747.742
---------------------------------------------------------------------------------
---------------------------------------------------------------------------------
Start RTL Component Statistics 
---------------------------------------------------------------------------------
Detailed RTL Component Info : 
+---Adders : 
	   2 Input   32 Bit       Adders := 1     
	   2 Input    4 Bit       Adders := 4     
	   5 Input    4 Bit       Adders := 1     
	   3 Input    4 Bit       Adders := 1     
	   4 Input    4 Bit       Adders := 1     
	   2 Input    3 Bit       Adders := 1     
	   3 Input    3 Bit       Adders := 1     
	   4 Input    3 Bit       Adders := 1     
	   2 Input    2 Bit       Adders := 2     
+---Registers : 
	               10 Bit    Registers := 1     
	                8 Bit    Registers := 14    
	                4 Bit    Registers := 3     
	                3 Bit    Registers := 1     
	                2 Bit    Registers := 1     
	                1 Bit    Registers := 8     
+---Muxes : 
	   2 Input   10 Bit        Muxes := 1     
	   2 Input    7 Bit        Muxes := 48    
	   3 Input    7 Bit        Muxes := 6     
	   4 Input    7 Bit        Muxes := 1     
	   4 Input    4 Bit        Muxes := 1     
	   2 Input    4 Bit        Muxes := 3     
	   5 Input    3 Bit        Muxes := 1     
	   6 Input    3 Bit        Muxes := 1     
	   2 Input    1 Bit        Muxes := 47    
---------------------------------------------------------------------------------
Finished RTL Component Statistics 
---------------------------------------------------------------------------------
---------------------------------------------------------------------------------
Start Part Resource Summary
---------------------------------------------------------------------------------
Part Resources:
DSPs: 120 (col length:60)
BRAMs: 150 (col length: RAMB18 60 RAMB36 30)
---------------------------------------------------------------------------------
Finished Part Resource Summary
---------------------------------------------------------------------------------
---------------------------------------------------------------------------------
Start Cross Boundary and Area Optimization
---------------------------------------------------------------------------------
WARNING: [Synth 8-3917] design ultrasonic_display_top has port rgb_led[0] driven by constant 0
---------------------------------------------------------------------------------
Finished Cross Boundary and Area Optimization : Time (s): cpu = 00:00:39 ; elapsed = 00:00:44 . Memory (MB): peak = 1457.707 ; gain = 747.742
---------------------------------------------------------------------------------
---------------------------------------------------------------------------------
Start Applying XDC Timing Constraints
---------------------------------------------------------------------------------
---------------------------------------------------------------------------------
Finished Applying XDC Timing Constraints : Time (s): cpu = 00:00:49 ; elapsed = 00:00:54 . Memory (MB): peak = 1576.574 ; gain = 866.609
---------------------------------------------------------------------------------
---------------------------------------------------------------------------------
Start Timing Optimization
---------------------------------------------------------------------------------
---------------------------------------------------------------------------------
Finished Timing Optimization : Time (s): cpu = 00:00:51 ; elapsed = 00:00:56 . Memory (MB): peak = 1614.652 ; gain = 904.688
---------------------------------------------------------------------------------
---------------------------------------------------------------------------------
Start Technology Mapping
---------------------------------------------------------------------------------
---------------------------------------------------------------------------------
Finished Technology Mapping : Time (s): cpu = 00:00:51 ; elapsed = 00:00:56 . Memory (MB): peak = 1616.152 ; gain = 906.188
---------------------------------------------------------------------------------
---------------------------------------------------------------------------------
Start IO Insertion
---------------------------------------------------------------------------------
---------------------------------------------------------------------------------
Start Flattening Before IO Insertion
---------------------------------------------------------------------------------
---------------------------------------------------------------------------------
Finished Flattening Before IO Insertion
---------------------------------------------------------------------------------
---------------------------------------------------------------------------------
Start Final Netlist Cleanup
---------------------------------------------------------------------------------
---------------------------------------------------------------------------------
Finished Final Netlist Cleanup
---------------------------------------------------------------------------------
---------------------------------------------------------------------------------
Finished IO Insertion : Time (s): cpu = 00:01:01 ; elapsed = 00:01:07 . Memory (MB): peak = 1839.734 ; gain = 1129.770
---------------------------------------------------------------------------------
---------------------------------------------------------------------------------
Start Renaming Generated Instances
---------------------------------------------------------------------------------
---------------------------------------------------------------------------------
Finished Renaming Generated Instances : Time (s): cpu = 00:01:01 ; elapsed = 00:01:07 . Memory (MB): peak = 1839.734 ; gain = 1129.770
---------------------------------------------------------------------------------
---------------------------------------------------------------------------------
Start Rebuilding User Hierarchy
---------------------------------------------------------------------------------
---------------------------------------------------------------------------------
Finished Rebuilding User Hierarchy : Time (s): cpu = 00:01:01 ; elapsed = 00:01:07 . Memory (MB): peak = 1839.734 ; gain = 1129.770
---------------------------------------------------------------------------------
---------------------------------------------------------------------------------
Start Renaming Generated Ports
---------------------------------------------------------------------------------
---------------------------------------------------------------------------------
Finished Renaming Generated Ports : Time (s): cpu = 00:01:01 ; elapsed = 00:01:08 . Memory (MB): peak = 1839.734 ; gain = 1129.770
---------------------------------------------------------------------------------
---------------------------------------------------------------------------------
Start Handling Custom Attributes
---------------------------------------------------------------------------------
---------------------------------------------------------------------------------
Finished Handling Custom Attributes : Time (s): cpu = 00:01:01 ; elapsed = 00:01:08 . Memory (MB): peak = 1839.734 ; gain = 1129.770
---------------------------------------------------------------------------------
---------------------------------------------------------------------------------
Start Renaming Generated Nets
---------------------------------------------------------------------------------
---------------------------------------------------------------------------------
Finished Renaming Generated Nets : Time (s): cpu = 00:01:01 ; elapsed = 00:01:08 . Memory (MB): peak = 1839.734 ; gain = 1129.770
---------------------------------------------------------------------------------
---------------------------------------------------------------------------------
Start Writing Synthesis Report
---------------------------------------------------------------------------------

Report BlackBoxes: 
+-+--------------+----------+
| |BlackBox name |Instances |
+-+--------------+----------+
+-+--------------+----------+

Report Cell Usage: 
+------+-------+------+
|      |Cell   |Count |
+------+-------+------+
|1     |BUFG   |     1|
|2     |CARRY4 |    33|
|3     |LUT1   |    11|
|4     |LUT2   |    13|
|5     |LUT3   |    13|
|6     |LUT4   |    30|
|7     |LUT5   |    41|
|8     |LUT6   |    47|
|9     |MUXF7  |     3|
|10    |FDRE   |   173|
|11    |FDSE   |     7|
|12    |IBUF   |     7|
|13    |OBUF   |    22|
+------+-------+------+
---------------------------------------------------------------------------------
Finished Writing Synthesis Report : Time (s): cpu = 00:01:01 ; elapsed = 00:01:08 . Memory (MB): peak = 1839.734 ; gain = 1129.770
---------------------------------------------------------------------------------
Synthesis finished with 0 errors, 0 critical warnings and 1 warnings.
Synthesis Optimization Runtime : Time (s): cpu = 00:00:45 ; elapsed = 00:01:04 . Memory (MB): peak = 1839.734 ; gain = 1046.633
Synthesis Optimization Complete : Time (s): cpu = 00:01:02 ; elapsed = 00:01:08 . Memory (MB): peak = 1839.734 ; gain = 1129.770
INFO: [Project 1-571] Translating synthesized netlist
Netlist sorting complete. Time (s): cpu = 00:00:00 ; elapsed = 00:00:00.013 . Memory (MB): peak = 1848.875 ; gain = 0.000
INFO: [Netlist 29-17] Analyzing 36 Unisim elements for replacement
INFO: [Netlist 29-28] Unisim Transformation completed in 0 CPU seconds
INFO: [Project 1-570] Preparing netlist for logic optimization
INFO: [Opt 31-138] Pushed 0 inverter(s) to 0 load pin(s).
Netlist sorting complete. Time (s): cpu = 00:00:00 ; elapsed = 00:00:00.001 . Memory (MB): peak = 1852.578 ; gain = 0.000
INFO: [Project 1-111] Unisim Transformation Summary:
No Unisim elements were transformed.

Synth Design complete | Checksum: 491a1e50
INFO: [Common 17-83] Releasing license: Synthesis
33 Infos, 3 Warnings, 0 Critical Warnings and 0 Errors encountered.
synth_design completed successfully
synth_design: Time (s): cpu = 00:01:10 ; elapsed = 00:01:39 . Memory (MB): peak = 1852.578 ; gain = 1311.656
Write ShapeDB Complete: Time (s): cpu = 00:00:00 ; elapsed = 00:00:00.003 . Memory (MB): peak = 1852.578 ; gain = 0.000
INFO: [Common 17-1381] The checkpoint 'C:/Users/saima/project_k/project_k.runs/synth_1/ultrasonic_display_top.dcp' has been generated.
INFO: [Vivado 12-24828] Executing command : report_utilization -file ultrasonic_display_top_utilization_synth.rpt -pb ultrasonic_display_top_utilization_synth.pb
INFO: [Common 17-206] Exiting Vivado at Sat Jul  4 15:46:10 2026...
